[2025-10-20T03:24:03.398+0000] {taskinstance.py:1083} INFO - Dependencies all met for <TaskInstance: gmm_segmentation.run_gmm manual__2025-10-20T03:24:01.285603+00:00 [queued]>
[2025-10-20T03:24:03.403+0000] {taskinstance.py:1083} INFO - Dependencies all met for <TaskInstance: gmm_segmentation.run_gmm manual__2025-10-20T03:24:01.285603+00:00 [queued]>
[2025-10-20T03:24:03.404+0000] {taskinstance.py:1279} INFO - 
--------------------------------------------------------------------------------
[2025-10-20T03:24:03.404+0000] {taskinstance.py:1280} INFO - Starting attempt 1 of 2
[2025-10-20T03:24:03.404+0000] {taskinstance.py:1281} INFO - 
--------------------------------------------------------------------------------
[2025-10-20T03:24:03.412+0000] {taskinstance.py:1300} INFO - Executing <Task(PythonOperator): run_gmm> on 2025-10-20 03:24:01.285603+00:00
[2025-10-20T03:24:03.416+0000] {standard_task_runner.py:55} INFO - Started process 104 to run task
[2025-10-20T03:24:03.419+0000] {standard_task_runner.py:82} INFO - Running: ['***', 'tasks', 'run', 'gmm_segmentation', 'run_gmm', 'manual__2025-10-20T03:24:01.285603+00:00', '--job-id', '19', '--raw', '--subdir', 'DAGS_FOLDER/gmm_segmentation.py', '--cfg-path', '/tmp/tmpe331m1uz']
[2025-10-20T03:24:03.419+0000] {standard_task_runner.py:83} INFO - Job 19: Subtask run_gmm
[2025-10-20T03:24:03.462+0000] {task_command.py:388} INFO - Running <TaskInstance: gmm_segmentation.run_gmm manual__2025-10-20T03:24:01.285603+00:00 [running]> on host 80e0c3cd0cd6
[2025-10-20T03:24:03.502+0000] {taskinstance.py:1509} INFO - Exporting the following env vars:
AIRFLOW_CTX_DAG_OWNER=asad_waraich
AIRFLOW_CTX_DAG_ID=gmm_segmentation
AIRFLOW_CTX_TASK_ID=run_gmm
AIRFLOW_CTX_EXECUTION_DATE=2025-10-20T03:24:01.285603+00:00
AIRFLOW_CTX_TRY_NUMBER=1
AIRFLOW_CTX_DAG_RUN_ID=manual__2025-10-20T03:24:01.285603+00:00
[2025-10-20T03:24:04.030+0000] {logging_mixin.py:137} INFO - Starting GMM Image Segmentation...
[2025-10-20T03:24:04.030+0000] {logging_mixin.py:137} INFO - Loading image from /opt/***/dags/data/TestImageHorse.jpg
[2025-10-20T03:24:04.033+0000] {logging_mixin.py:137} INFO - Image loaded successfully: 321x481
[2025-10-20T03:24:05.221+0000] {logging_mixin.py:137} INFO - Image shape: 321x481
[2025-10-20T03:24:05.222+0000] {logging_mixin.py:137} INFO - Total pixels: 154401
[2025-10-20T03:24:05.222+0000] {logging_mixin.py:137} INFO - Performing cross-validation...
[2025-10-20T03:24:08.992+0000] {logging_mixin.py:137} INFO - K=2: Average log-likelihood = 2.4052
[2025-10-20T03:24:11.535+0000] {logging_mixin.py:137} INFO - K=3: Average log-likelihood = 2.8197
[2025-10-20T03:24:16.869+0000] {logging_mixin.py:137} INFO - K=4: Average log-likelihood = 2.9959
[2025-10-20T03:24:20.185+0000] {logging_mixin.py:137} INFO - K=5: Average log-likelihood = 3.0709
[2025-10-20T03:24:24.357+0000] {logging_mixin.py:137} INFO - K=6: Average log-likelihood = 3.1974
[2025-10-20T03:24:28.528+0000] {logging_mixin.py:137} INFO - K=7: Average log-likelihood = 3.2966
[2025-10-20T03:24:28.528+0000] {logging_mixin.py:137} INFO - 
Optimal K determined: 3
[2025-10-20T03:24:28.528+0000] {logging_mixin.py:137} INFO - Training final GMM with K=3...
[2025-10-20T03:24:29.346+0000] {logging_mixin.py:137} INFO - 
Segmentation Statistics:
[2025-10-20T03:24:29.347+0000] {logging_mixin.py:137} INFO -   segment_0: 61710 pixels (39.97%)
[2025-10-20T03:24:29.348+0000] {logging_mixin.py:137} INFO -   segment_1: 72540 pixels (46.98%)
[2025-10-20T03:24:29.348+0000] {logging_mixin.py:137} INFO -   segment_2: 20151 pixels (13.05%)
[2025-10-20T03:24:29.351+0000] {python.py:177} INFO - Done. Returned value was: GMM segmentation complete with K=3
[2025-10-20T03:24:29.361+0000] {taskinstance.py:1323} INFO - Marking task as SUCCESS. dag_id=gmm_segmentation, task_id=run_gmm, execution_date=20251020T032401, start_date=20251020T032403, end_date=20251020T032429
[2025-10-20T03:24:29.396+0000] {local_task_job.py:208} INFO - Task exited with return code 0
[2025-10-20T03:24:29.414+0000] {taskinstance.py:2578} INFO - 1 downstream tasks scheduled from follow-on schedule check
