[2025-10-20T03:26:39.062+0000] {taskinstance.py:1083} INFO - Dependencies all met for <TaskInstance: gmm_segmentation.run_gmm manual__2025-10-20T03:21:36.507149+00:00 [queued]>
[2025-10-20T03:26:39.071+0000] {taskinstance.py:1083} INFO - Dependencies all met for <TaskInstance: gmm_segmentation.run_gmm manual__2025-10-20T03:21:36.507149+00:00 [queued]>
[2025-10-20T03:26:39.071+0000] {taskinstance.py:1279} INFO - 
--------------------------------------------------------------------------------
[2025-10-20T03:26:39.071+0000] {taskinstance.py:1280} INFO - Starting attempt 2 of 2
[2025-10-20T03:26:39.072+0000] {taskinstance.py:1281} INFO - 
--------------------------------------------------------------------------------
[2025-10-20T03:26:39.080+0000] {taskinstance.py:1300} INFO - Executing <Task(PythonOperator): run_gmm> on 2025-10-20 03:21:36.507149+00:00
[2025-10-20T03:26:39.083+0000] {standard_task_runner.py:55} INFO - Started process 290 to run task
[2025-10-20T03:26:39.085+0000] {standard_task_runner.py:82} INFO - Running: ['***', 'tasks', 'run', 'gmm_segmentation', 'run_gmm', 'manual__2025-10-20T03:21:36.507149+00:00', '--job-id', '23', '--raw', '--subdir', 'DAGS_FOLDER/gmm_segmentation.py', '--cfg-path', '/tmp/tmp0ea8lut0']
[2025-10-20T03:26:39.085+0000] {standard_task_runner.py:83} INFO - Job 23: Subtask run_gmm
[2025-10-20T03:26:39.121+0000] {task_command.py:388} INFO - Running <TaskInstance: gmm_segmentation.run_gmm manual__2025-10-20T03:21:36.507149+00:00 [running]> on host 80e0c3cd0cd6
[2025-10-20T03:26:39.153+0000] {taskinstance.py:1509} INFO - Exporting the following env vars:
AIRFLOW_CTX_DAG_OWNER=asad_waraich
AIRFLOW_CTX_DAG_ID=gmm_segmentation
AIRFLOW_CTX_TASK_ID=run_gmm
AIRFLOW_CTX_EXECUTION_DATE=2025-10-20T03:21:36.507149+00:00
AIRFLOW_CTX_TRY_NUMBER=2
AIRFLOW_CTX_DAG_RUN_ID=manual__2025-10-20T03:21:36.507149+00:00
[2025-10-20T03:26:39.385+0000] {logging_mixin.py:137} INFO - Starting GMM Image Segmentation...
[2025-10-20T03:26:39.386+0000] {logging_mixin.py:137} INFO - Loading image from /opt/***/dags/data/TestImageHorse.jpg
[2025-10-20T03:26:39.388+0000] {logging_mixin.py:137} INFO - Image loaded successfully: 321x481
[2025-10-20T03:26:39.911+0000] {logging_mixin.py:137} INFO - Image shape: 321x481
[2025-10-20T03:26:39.911+0000] {logging_mixin.py:137} INFO - Total pixels: 154401
[2025-10-20T03:26:39.911+0000] {logging_mixin.py:137} INFO - Performing cross-validation...
[2025-10-20T03:26:42.616+0000] {logging_mixin.py:137} INFO - K=2: Average log-likelihood = 2.4052
[2025-10-20T03:26:44.315+0000] {logging_mixin.py:137} INFO - K=3: Average log-likelihood = 2.8197
[2025-10-20T03:26:46.988+0000] {logging_mixin.py:137} INFO - K=4: Average log-likelihood = 2.9959
[2025-10-20T03:26:49.558+0000] {logging_mixin.py:137} INFO - K=5: Average log-likelihood = 3.0709
[2025-10-20T03:26:54.885+0000] {logging_mixin.py:137} INFO - K=6: Average log-likelihood = 3.1974
[2025-10-20T03:26:57.696+0000] {logging_mixin.py:137} INFO - K=7: Average log-likelihood = 3.2966
[2025-10-20T03:26:57.696+0000] {logging_mixin.py:137} INFO - 
Optimal K determined: 3
[2025-10-20T03:26:57.697+0000] {logging_mixin.py:137} INFO - Training final GMM with K=3...
[2025-10-20T03:26:58.321+0000] {logging_mixin.py:137} INFO - 
Segmentation Statistics:
[2025-10-20T03:26:58.322+0000] {logging_mixin.py:137} INFO -   segment_0: 61710 pixels (39.97%)
[2025-10-20T03:26:58.322+0000] {logging_mixin.py:137} INFO -   segment_1: 72540 pixels (46.98%)
[2025-10-20T03:26:58.322+0000] {logging_mixin.py:137} INFO -   segment_2: 20151 pixels (13.05%)
[2025-10-20T03:26:58.323+0000] {python.py:177} INFO - Done. Returned value was: GMM segmentation complete with K=3
[2025-10-20T03:26:58.344+0000] {taskinstance.py:1323} INFO - Marking task as SUCCESS. dag_id=gmm_segmentation, task_id=run_gmm, execution_date=20251020T032136, start_date=20251020T032639, end_date=20251020T032658
[2025-10-20T03:26:58.406+0000] {local_task_job.py:208} INFO - Task exited with return code 0
[2025-10-20T03:26:58.446+0000] {taskinstance.py:2578} INFO - 1 downstream tasks scheduled from follow-on schedule check
