[2025-10-20T03:16:06.860+0000] {taskinstance.py:1083} INFO - Dependencies all met for <TaskInstance: gmm_segmentation.start manual__2025-10-20T03:16:05.580316+00:00 [queued]>
[2025-10-20T03:16:06.949+0000] {taskinstance.py:1083} INFO - Dependencies all met for <TaskInstance: gmm_segmentation.start manual__2025-10-20T03:16:05.580316+00:00 [queued]>
[2025-10-20T03:16:06.949+0000] {taskinstance.py:1279} INFO - 
--------------------------------------------------------------------------------
[2025-10-20T03:16:06.949+0000] {taskinstance.py:1280} INFO - Starting attempt 1 of 2
[2025-10-20T03:16:06.949+0000] {taskinstance.py:1281} INFO - 
--------------------------------------------------------------------------------
[2025-10-20T03:16:06.959+0000] {taskinstance.py:1300} INFO - Executing <Task(BashOperator): start> on 2025-10-20 03:16:05.580316+00:00
[2025-10-20T03:16:06.971+0000] {standard_task_runner.py:55} INFO - Started process 104 to run task
[2025-10-20T03:16:06.978+0000] {standard_task_runner.py:82} INFO - Running: ['***', 'tasks', 'run', 'gmm_segmentation', 'start', 'manual__2025-10-20T03:16:05.580316+00:00', '--job-id', '9', '--raw', '--subdir', 'DAGS_FOLDER/gmm_segmentation.py', '--cfg-path', '/tmp/tmp8n1hf_n9']
[2025-10-20T03:16:06.979+0000] {standard_task_runner.py:83} INFO - Job 9: Subtask start
[2025-10-20T03:16:07.007+0000] {task_command.py:388} INFO - Running <TaskInstance: gmm_segmentation.start manual__2025-10-20T03:16:05.580316+00:00 [running]> on host d9ed5ca3891e
[2025-10-20T03:16:07.045+0000] {taskinstance.py:1509} INFO - Exporting the following env vars:
AIRFLOW_CTX_DAG_OWNER=asad_waraich
AIRFLOW_CTX_DAG_ID=gmm_segmentation
AIRFLOW_CTX_TASK_ID=start
AIRFLOW_CTX_EXECUTION_DATE=2025-10-20T03:16:05.580316+00:00
AIRFLOW_CTX_TRY_NUMBER=1
AIRFLOW_CTX_DAG_RUN_ID=manual__2025-10-20T03:16:05.580316+00:00
[2025-10-20T03:16:07.046+0000] {subprocess.py:63} INFO - Tmp dir root location: 
 /tmp
[2025-10-20T03:16:07.046+0000] {subprocess.py:75} INFO - Running command: ['/bin/bash', '-c', 'echo "Starting GMM Segmentation Pipeline..."']
[2025-10-20T03:16:07.054+0000] {subprocess.py:86} INFO - Output:
[2025-10-20T03:16:07.060+0000] {subprocess.py:93} INFO - Starting GMM Segmentation Pipeline...
[2025-10-20T03:16:07.060+0000] {subprocess.py:97} INFO - Command exited with return code 0
[2025-10-20T03:16:07.073+0000] {taskinstance.py:1323} INFO - Marking task as SUCCESS. dag_id=gmm_segmentation, task_id=start, execution_date=20251020T031605, start_date=20251020T031606, end_date=20251020T031607
[2025-10-20T03:16:07.113+0000] {local_task_job.py:208} INFO - Task exited with return code 0
[2025-10-20T03:16:07.126+0000] {taskinstance.py:2578} INFO - 1 downstream tasks scheduled from follow-on schedule check
