[2025-10-20T03:27:01.567+0000] {taskinstance.py:1083} INFO - Dependencies all met for <TaskInstance: gmm_segmentation.end manual__2025-10-20T03:21:36.507149+00:00 [queued]>
[2025-10-20T03:27:01.570+0000] {taskinstance.py:1083} INFO - Dependencies all met for <TaskInstance: gmm_segmentation.end manual__2025-10-20T03:21:36.507149+00:00 [queued]>
[2025-10-20T03:27:01.571+0000] {taskinstance.py:1279} INFO - 
--------------------------------------------------------------------------------
[2025-10-20T03:27:01.571+0000] {taskinstance.py:1280} INFO - Starting attempt 1 of 2
[2025-10-20T03:27:01.571+0000] {taskinstance.py:1281} INFO - 
--------------------------------------------------------------------------------
[2025-10-20T03:27:01.576+0000] {taskinstance.py:1300} INFO - Executing <Task(BashOperator): end> on 2025-10-20 03:21:36.507149+00:00
[2025-10-20T03:27:01.578+0000] {standard_task_runner.py:55} INFO - Started process 329 to run task
[2025-10-20T03:27:01.579+0000] {standard_task_runner.py:82} INFO - Running: ['***', 'tasks', 'run', 'gmm_segmentation', 'end', 'manual__2025-10-20T03:21:36.507149+00:00', '--job-id', '26', '--raw', '--subdir', 'DAGS_FOLDER/gmm_segmentation.py', '--cfg-path', '/tmp/tmpqdj06evl']
[2025-10-20T03:27:01.579+0000] {standard_task_runner.py:83} INFO - Job 26: Subtask end
[2025-10-20T03:27:01.602+0000] {task_command.py:388} INFO - Running <TaskInstance: gmm_segmentation.end manual__2025-10-20T03:21:36.507149+00:00 [running]> on host 80e0c3cd0cd6
[2025-10-20T03:27:01.628+0000] {taskinstance.py:1509} INFO - Exporting the following env vars:
AIRFLOW_CTX_DAG_OWNER=asad_waraich
AIRFLOW_CTX_DAG_ID=gmm_segmentation
AIRFLOW_CTX_TASK_ID=end
AIRFLOW_CTX_EXECUTION_DATE=2025-10-20T03:21:36.507149+00:00
AIRFLOW_CTX_TRY_NUMBER=1
AIRFLOW_CTX_DAG_RUN_ID=manual__2025-10-20T03:21:36.507149+00:00
[2025-10-20T03:27:01.628+0000] {subprocess.py:63} INFO - Tmp dir root location: 
 /tmp
[2025-10-20T03:27:01.629+0000] {subprocess.py:75} INFO - Running command: ['/bin/bash', '-c', 'echo "GMM Pipeline Complete. Check working_data/gmm_results for outputs"']
[2025-10-20T03:27:01.633+0000] {subprocess.py:86} INFO - Output:
[2025-10-20T03:27:01.634+0000] {subprocess.py:93} INFO - GMM Pipeline Complete. Check working_data/gmm_results for outputs
[2025-10-20T03:27:01.635+0000] {subprocess.py:97} INFO - Command exited with return code 0
[2025-10-20T03:27:01.644+0000] {taskinstance.py:1323} INFO - Marking task as SUCCESS. dag_id=gmm_segmentation, task_id=end, execution_date=20251020T032136, start_date=20251020T032701, end_date=20251020T032701
[2025-10-20T03:27:01.675+0000] {local_task_job.py:208} INFO - Task exited with return code 0
[2025-10-20T03:27:01.682+0000] {taskinstance.py:2578} INFO - 0 downstream tasks scheduled from follow-on schedule check
