[2025-10-20T03:24:31.939+0000] {taskinstance.py:1083} INFO - Dependencies all met for <TaskInstance: gmm_segmentation.end manual__2025-10-20T03:24:01.285603+00:00 [queued]>
[2025-10-20T03:24:31.943+0000] {taskinstance.py:1083} INFO - Dependencies all met for <TaskInstance: gmm_segmentation.end manual__2025-10-20T03:24:01.285603+00:00 [queued]>
[2025-10-20T03:24:31.943+0000] {taskinstance.py:1279} INFO - 
--------------------------------------------------------------------------------
[2025-10-20T03:24:31.943+0000] {taskinstance.py:1280} INFO - Starting attempt 1 of 2
[2025-10-20T03:24:31.943+0000] {taskinstance.py:1281} INFO - 
--------------------------------------------------------------------------------
[2025-10-20T03:24:31.949+0000] {taskinstance.py:1300} INFO - Executing <Task(BashOperator): end> on 2025-10-20 03:24:01.285603+00:00
[2025-10-20T03:24:31.951+0000] {standard_task_runner.py:55} INFO - Started process 156 to run task
[2025-10-20T03:24:31.953+0000] {standard_task_runner.py:82} INFO - Running: ['***', 'tasks', 'run', 'gmm_segmentation', 'end', 'manual__2025-10-20T03:24:01.285603+00:00', '--job-id', '22', '--raw', '--subdir', 'DAGS_FOLDER/gmm_segmentation.py', '--cfg-path', '/tmp/tmpqw1gyajl']
[2025-10-20T03:24:31.953+0000] {standard_task_runner.py:83} INFO - Job 22: Subtask end
[2025-10-20T03:24:31.988+0000] {task_command.py:388} INFO - Running <TaskInstance: gmm_segmentation.end manual__2025-10-20T03:24:01.285603+00:00 [running]> on host 80e0c3cd0cd6
[2025-10-20T03:24:32.028+0000] {taskinstance.py:1509} INFO - Exporting the following env vars:
AIRFLOW_CTX_DAG_OWNER=asad_waraich
AIRFLOW_CTX_DAG_ID=gmm_segmentation
AIRFLOW_CTX_TASK_ID=end
AIRFLOW_CTX_EXECUTION_DATE=2025-10-20T03:24:01.285603+00:00
AIRFLOW_CTX_TRY_NUMBER=1
AIRFLOW_CTX_DAG_RUN_ID=manual__2025-10-20T03:24:01.285603+00:00
[2025-10-20T03:24:32.029+0000] {subprocess.py:63} INFO - Tmp dir root location: 
 /tmp
[2025-10-20T03:24:32.029+0000] {subprocess.py:75} INFO - Running command: ['/bin/bash', '-c', 'echo "GMM Pipeline Complete. Check working_data/gmm_results for outputs"']
[2025-10-20T03:24:32.034+0000] {subprocess.py:86} INFO - Output:
[2025-10-20T03:24:32.035+0000] {subprocess.py:93} INFO - GMM Pipeline Complete. Check working_data/gmm_results for outputs
[2025-10-20T03:24:32.035+0000] {subprocess.py:97} INFO - Command exited with return code 0
[2025-10-20T03:24:32.050+0000] {taskinstance.py:1323} INFO - Marking task as SUCCESS. dag_id=gmm_segmentation, task_id=end, execution_date=20251020T032401, start_date=20251020T032431, end_date=20251020T032432
[2025-10-20T03:24:32.092+0000] {local_task_job.py:208} INFO - Task exited with return code 0
[2025-10-20T03:24:32.101+0000] {taskinstance.py:2578} INFO - 0 downstream tasks scheduled from follow-on schedule check
