[2025-10-20T01:45:20.169+0000] {taskinstance.py:1083} INFO - Dependencies all met for <TaskInstance: Airflow_Lab1.build_save_model_task manual__2025-10-20T01:45:14.239822+00:00 [queued]>
[2025-10-20T01:45:20.173+0000] {taskinstance.py:1083} INFO - Dependencies all met for <TaskInstance: Airflow_Lab1.build_save_model_task manual__2025-10-20T01:45:14.239822+00:00 [queued]>
[2025-10-20T01:45:20.173+0000] {taskinstance.py:1279} INFO - 
--------------------------------------------------------------------------------
[2025-10-20T01:45:20.173+0000] {taskinstance.py:1280} INFO - Starting attempt 1 of 1
[2025-10-20T01:45:20.173+0000] {taskinstance.py:1281} INFO - 
--------------------------------------------------------------------------------
[2025-10-20T01:45:20.179+0000] {taskinstance.py:1300} INFO - Executing <Task(PythonOperator): build_save_model_task> on 2025-10-20 01:45:14.239822+00:00
[2025-10-20T01:45:20.183+0000] {standard_task_runner.py:55} INFO - Started process 508 to run task
[2025-10-20T01:45:20.184+0000] {standard_task_runner.py:82} INFO - Running: ['***', 'tasks', 'run', 'Airflow_Lab1', 'build_save_model_task', 'manual__2025-10-20T01:45:14.239822+00:00', '--job-id', '5', '--raw', '--subdir', 'DAGS_FOLDER/***.py', '--cfg-path', '/tmp/tmpvl_aeqhu']
[2025-10-20T01:45:20.185+0000] {standard_task_runner.py:83} INFO - Job 5: Subtask build_save_model_task
[2025-10-20T01:45:20.209+0000] {task_command.py:388} INFO - Running <TaskInstance: Airflow_Lab1.build_save_model_task manual__2025-10-20T01:45:14.239822+00:00 [running]> on host a08687a40923
[2025-10-20T01:45:20.270+0000] {taskinstance.py:1509} INFO - Exporting the following env vars:
AIRFLOW_CTX_DAG_OWNER=your_name
AIRFLOW_CTX_DAG_ID=Airflow_Lab1
AIRFLOW_CTX_TASK_ID=build_save_model_task
AIRFLOW_CTX_EXECUTION_DATE=2025-10-20T01:45:14.239822+00:00
AIRFLOW_CTX_TRY_NUMBER=1
AIRFLOW_CTX_DAG_RUN_ID=manual__2025-10-20T01:45:14.239822+00:00
[2025-10-20T01:45:44.559+0000] {python.py:177} INFO - Done. Returned value was: [250.32804209291442, 128.89457877623198, 91.64833975738131, 72.46921532440922, 59.86140695977857, 52.06204237509105, 46.71118654804304, 41.50326475167139, 36.9282370939197, 33.986075968719646, 31.15817166791375, 28.845480032058717, 26.8744322961113, 25.999512369945652, 24.185078072393782, 22.71395006172975, 21.640087323981106, 20.7803048082255, 19.976783465801404, 19.438669340270884, 19.06639931435458, 18.44685388460457, 17.947211161985987, 16.898807424877255, 16.963181977976244, 16.582840757316486, 15.835651544091533, 15.775551490572013, 15.385507317533227, 15.020243180409237, 14.882873240965253, 14.607686984302415, 14.306186090616883, 13.891614733454833, 13.805485778871223, 13.3618661842993, 13.367890857521076, 13.073601934790835, 12.981196891357627, 13.028578398100311, 12.867008418864003, 12.61729794404631, 12.382973425034518, 12.112634671228026, 11.836539142218314, 11.577385920665527, 11.128836068114504, 11.0628045451492, 11.15817494025209]
[2025-10-20T01:45:44.600+0000] {taskinstance.py:1323} INFO - Marking task as SUCCESS. dag_id=Airflow_Lab1, task_id=build_save_model_task, execution_date=20251020T014514, start_date=20251020T014520, end_date=20251020T014544
[2025-10-20T01:45:44.653+0000] {local_task_job.py:208} INFO - Task exited with return code 0
[2025-10-20T01:45:44.670+0000] {taskinstance.py:2578} INFO - 1 downstream tasks scheduled from follow-on schedule check
