[2025-10-20T03:21:37.451+0000] {taskinstance.py:1083} INFO - Dependencies all met for <TaskInstance: gmm_segmentation.start manual__2025-10-20T03:21:36.507149+00:00 [queued]>
[2025-10-20T03:21:37.459+0000] {taskinstance.py:1083} INFO - Dependencies all met for <TaskInstance: gmm_segmentation.start manual__2025-10-20T03:21:36.507149+00:00 [queued]>
[2025-10-20T03:21:37.459+0000] {taskinstance.py:1279} INFO - 
--------------------------------------------------------------------------------
[2025-10-20T03:21:37.459+0000] {taskinstance.py:1280} INFO - Starting attempt 1 of 2
[2025-10-20T03:21:37.459+0000] {taskinstance.py:1281} INFO - 
--------------------------------------------------------------------------------
[2025-10-20T03:21:37.467+0000] {taskinstance.py:1300} INFO - Executing <Task(BashOperator): start> on 2025-10-20 03:21:36.507149+00:00
[2025-10-20T03:21:37.473+0000] {standard_task_runner.py:55} INFO - Started process 94 to run task
[2025-10-20T03:21:37.475+0000] {standard_task_runner.py:82} INFO - Running: ['***', 'tasks', 'run', 'gmm_segmentation', 'start', 'manual__2025-10-20T03:21:36.507149+00:00', '--job-id', '14', '--raw', '--subdir', 'DAGS_FOLDER/gmm_segmentation.py', '--cfg-path', '/tmp/tmp12gau2_7']
[2025-10-20T03:21:37.477+0000] {standard_task_runner.py:83} INFO - Job 14: Subtask start
[2025-10-20T03:21:37.523+0000] {task_command.py:388} INFO - Running <TaskInstance: gmm_segmentation.start manual__2025-10-20T03:21:36.507149+00:00 [running]> on host 1bd2eef1e1ab
[2025-10-20T03:21:37.573+0000] {taskinstance.py:1509} INFO - Exporting the following env vars:
AIRFLOW_CTX_DAG_OWNER=asad_waraich
AIRFLOW_CTX_DAG_ID=gmm_segmentation
AIRFLOW_CTX_TASK_ID=start
AIRFLOW_CTX_EXECUTION_DATE=2025-10-20T03:21:36.507149+00:00
AIRFLOW_CTX_TRY_NUMBER=1
AIRFLOW_CTX_DAG_RUN_ID=manual__2025-10-20T03:21:36.507149+00:00
[2025-10-20T03:21:37.575+0000] {subprocess.py:63} INFO - Tmp dir root location: 
 /tmp
[2025-10-20T03:21:37.575+0000] {subprocess.py:75} INFO - Running command: ['/bin/bash', '-c', 'echo "Starting GMM Segmentation Pipeline..."']
[2025-10-20T03:21:37.584+0000] {subprocess.py:86} INFO - Output:
[2025-10-20T03:21:37.586+0000] {subprocess.py:93} INFO - Starting GMM Segmentation Pipeline...
[2025-10-20T03:21:37.586+0000] {subprocess.py:97} INFO - Command exited with return code 0
[2025-10-20T03:21:37.600+0000] {taskinstance.py:1323} INFO - Marking task as SUCCESS. dag_id=gmm_segmentation, task_id=start, execution_date=20251020T032136, start_date=20251020T032137, end_date=20251020T032137
[2025-10-20T03:21:37.620+0000] {local_task_job.py:208} INFO - Task exited with return code 0
[2025-10-20T03:21:37.634+0000] {taskinstance.py:2578} INFO - 1 downstream tasks scheduled from follow-on schedule check
