[2025-10-20T03:07:05.017+0000] {taskinstance.py:1083} INFO - Dependencies all met for <TaskInstance: gmm_segmentation_simple.start manual__2025-10-20T03:07:03.794572+00:00 [queued]>
[2025-10-20T03:07:05.041+0000] {taskinstance.py:1083} INFO - Dependencies all met for <TaskInstance: gmm_segmentation_simple.start manual__2025-10-20T03:07:03.794572+00:00 [queued]>
[2025-10-20T03:07:05.042+0000] {taskinstance.py:1279} INFO - 
--------------------------------------------------------------------------------
[2025-10-20T03:07:05.042+0000] {taskinstance.py:1280} INFO - Starting attempt 1 of 2
[2025-10-20T03:07:05.042+0000] {taskinstance.py:1281} INFO - 
--------------------------------------------------------------------------------
[2025-10-20T03:07:05.049+0000] {taskinstance.py:1300} INFO - Executing <Task(BashOperator): start> on 2025-10-20 03:07:03.794572+00:00
[2025-10-20T03:07:05.054+0000] {standard_task_runner.py:55} INFO - Started process 115 to run task
[2025-10-20T03:07:05.057+0000] {standard_task_runner.py:82} INFO - Running: ['***', 'tasks', 'run', 'gmm_segmentation_simple', 'start', 'manual__2025-10-20T03:07:03.794572+00:00', '--job-id', '3', '--raw', '--subdir', 'DAGS_FOLDER/gmm_segmentation.py', '--cfg-path', '/tmp/tmpu8w2inbn']
[2025-10-20T03:07:05.058+0000] {standard_task_runner.py:83} INFO - Job 3: Subtask start
[2025-10-20T03:07:05.090+0000] {task_command.py:388} INFO - Running <TaskInstance: gmm_segmentation_simple.start manual__2025-10-20T03:07:03.794572+00:00 [running]> on host 18882a23ddc7
[2025-10-20T03:07:05.121+0000] {taskinstance.py:1509} INFO - Exporting the following env vars:
AIRFLOW_CTX_DAG_OWNER=asad_waraich
AIRFLOW_CTX_DAG_ID=gmm_segmentation_simple
AIRFLOW_CTX_TASK_ID=start
AIRFLOW_CTX_EXECUTION_DATE=2025-10-20T03:07:03.794572+00:00
AIRFLOW_CTX_TRY_NUMBER=1
AIRFLOW_CTX_DAG_RUN_ID=manual__2025-10-20T03:07:03.794572+00:00
[2025-10-20T03:07:05.122+0000] {subprocess.py:63} INFO - Tmp dir root location: 
 /tmp
[2025-10-20T03:07:05.123+0000] {subprocess.py:75} INFO - Running command: ['/bin/bash', '-c', 'echo "Starting GMM Segmentation Pipeline..."']
[2025-10-20T03:07:05.127+0000] {subprocess.py:86} INFO - Output:
[2025-10-20T03:07:05.132+0000] {subprocess.py:93} INFO - Starting GMM Segmentation Pipeline...
[2025-10-20T03:07:05.133+0000] {subprocess.py:97} INFO - Command exited with return code 0
[2025-10-20T03:07:05.149+0000] {taskinstance.py:1323} INFO - Marking task as SUCCESS. dag_id=gmm_segmentation_simple, task_id=start, execution_date=20251020T030703, start_date=20251020T030705, end_date=20251020T030705
[2025-10-20T03:07:05.197+0000] {local_task_job.py:208} INFO - Task exited with return code 0
[2025-10-20T03:07:05.213+0000] {taskinstance.py:2578} INFO - 1 downstream tasks scheduled from follow-on schedule check
