[2025-10-20T02:27:28.962+0000] {taskinstance.py:1083} INFO - Dependencies all met for <TaskInstance: gmm_segmentation_simple.start manual__2025-10-20T02:27:28.399326+00:00 [queued]>
[2025-10-20T02:27:28.968+0000] {taskinstance.py:1083} INFO - Dependencies all met for <TaskInstance: gmm_segmentation_simple.start manual__2025-10-20T02:27:28.399326+00:00 [queued]>
[2025-10-20T02:27:28.968+0000] {taskinstance.py:1279} INFO - 
--------------------------------------------------------------------------------
[2025-10-20T02:27:28.968+0000] {taskinstance.py:1280} INFO - Starting attempt 1 of 2
[2025-10-20T02:27:28.968+0000] {taskinstance.py:1281} INFO - 
--------------------------------------------------------------------------------
[2025-10-20T02:27:28.975+0000] {taskinstance.py:1300} INFO - Executing <Task(BashOperator): start> on 2025-10-20 02:27:28.399326+00:00
[2025-10-20T02:27:28.979+0000] {standard_task_runner.py:55} INFO - Started process 778 to run task
[2025-10-20T02:27:28.985+0000] {standard_task_runner.py:82} INFO - Running: ['***', 'tasks', 'run', 'gmm_segmentation_simple', 'start', 'manual__2025-10-20T02:27:28.399326+00:00', '--job-id', '14', '--raw', '--subdir', 'DAGS_FOLDER/gmm_segmentation.py', '--cfg-path', '/tmp/tmp2byrbbl8']
[2025-10-20T02:27:28.988+0000] {standard_task_runner.py:83} INFO - Job 14: Subtask start
[2025-10-20T02:27:29.122+0000] {task_command.py:388} INFO - Running <TaskInstance: gmm_segmentation_simple.start manual__2025-10-20T02:27:28.399326+00:00 [running]> on host 2f7303ce5544
[2025-10-20T02:27:29.361+0000] {taskinstance.py:1509} INFO - Exporting the following env vars:
AIRFLOW_CTX_DAG_OWNER=asad_waraich
AIRFLOW_CTX_DAG_ID=gmm_segmentation_simple
AIRFLOW_CTX_TASK_ID=start
AIRFLOW_CTX_EXECUTION_DATE=2025-10-20T02:27:28.399326+00:00
AIRFLOW_CTX_TRY_NUMBER=1
AIRFLOW_CTX_DAG_RUN_ID=manual__2025-10-20T02:27:28.399326+00:00
[2025-10-20T02:27:29.363+0000] {subprocess.py:63} INFO - Tmp dir root location: 
 /tmp
[2025-10-20T02:27:29.366+0000] {subprocess.py:75} INFO - Running command: ['/bin/bash', '-c', 'echo "Starting GMM Segmentation Pipeline..."']
[2025-10-20T02:27:29.400+0000] {subprocess.py:86} INFO - Output:
[2025-10-20T02:27:29.402+0000] {subprocess.py:93} INFO - Starting GMM Segmentation Pipeline...
[2025-10-20T02:27:29.403+0000] {subprocess.py:97} INFO - Command exited with return code 0
[2025-10-20T02:27:29.453+0000] {taskinstance.py:1323} INFO - Marking task as SUCCESS. dag_id=gmm_segmentation_simple, task_id=start, execution_date=20251020T022728, start_date=20251020T022728, end_date=20251020T022729
[2025-10-20T02:27:29.493+0000] {local_task_job.py:208} INFO - Task exited with return code 0
[2025-10-20T02:27:29.510+0000] {taskinstance.py:2578} INFO - 1 downstream tasks scheduled from follow-on schedule check
