[2025-10-20T03:27:00.553+0000] {taskinstance.py:1083} INFO - Dependencies all met for <TaskInstance: gmm_segmentation.visualize manual__2025-10-20T03:21:36.507149+00:00 [queued]>
[2025-10-20T03:27:00.559+0000] {taskinstance.py:1083} INFO - Dependencies all met for <TaskInstance: gmm_segmentation.visualize manual__2025-10-20T03:21:36.507149+00:00 [queued]>
[2025-10-20T03:27:00.559+0000] {taskinstance.py:1279} INFO - 
--------------------------------------------------------------------------------
[2025-10-20T03:27:00.559+0000] {taskinstance.py:1280} INFO - Starting attempt 1 of 2
[2025-10-20T03:27:00.559+0000] {taskinstance.py:1281} INFO - 
--------------------------------------------------------------------------------
[2025-10-20T03:27:00.567+0000] {taskinstance.py:1300} INFO - Executing <Task(PythonOperator): visualize> on 2025-10-20 03:21:36.507149+00:00
[2025-10-20T03:27:00.570+0000] {standard_task_runner.py:55} INFO - Started process 327 to run task
[2025-10-20T03:27:00.572+0000] {standard_task_runner.py:82} INFO - Running: ['***', 'tasks', 'run', 'gmm_segmentation', 'visualize', 'manual__2025-10-20T03:21:36.507149+00:00', '--job-id', '25', '--raw', '--subdir', 'DAGS_FOLDER/gmm_segmentation.py', '--cfg-path', '/tmp/tmpdu9s8k0b']
[2025-10-20T03:27:00.573+0000] {standard_task_runner.py:83} INFO - Job 25: Subtask visualize
[2025-10-20T03:27:00.627+0000] {task_command.py:388} INFO - Running <TaskInstance: gmm_segmentation.visualize manual__2025-10-20T03:21:36.507149+00:00 [running]> on host 80e0c3cd0cd6
[2025-10-20T03:27:00.659+0000] {taskinstance.py:1509} INFO - Exporting the following env vars:
AIRFLOW_CTX_DAG_OWNER=asad_waraich
AIRFLOW_CTX_DAG_ID=gmm_segmentation
AIRFLOW_CTX_TASK_ID=visualize
AIRFLOW_CTX_EXECUTION_DATE=2025-10-20T03:21:36.507149+00:00
AIRFLOW_CTX_TRY_NUMBER=1
AIRFLOW_CTX_DAG_RUN_ID=manual__2025-10-20T03:21:36.507149+00:00
[2025-10-20T03:27:00.992+0000] {logging_mixin.py:137} INFO - Visualization saved to /opt/***/working_data/gmm_results/segmentation_2025-10-20.png
[2025-10-20T03:27:00.992+0000] {python.py:177} INFO - Done. Returned value was: Image saved as /opt/***/working_data/gmm_results/segmentation_2025-10-20.png
[2025-10-20T03:27:01.002+0000] {taskinstance.py:1323} INFO - Marking task as SUCCESS. dag_id=gmm_segmentation, task_id=visualize, execution_date=20251020T032136, start_date=20251020T032700, end_date=20251020T032701
[2025-10-20T03:27:01.050+0000] {local_task_job.py:208} INFO - Task exited with return code 0
[2025-10-20T03:27:01.060+0000] {taskinstance.py:2578} INFO - 1 downstream tasks scheduled from follow-on schedule check
