[2025-10-20T03:07:32.745+0000] {taskinstance.py:1083} INFO - Dependencies all met for <TaskInstance: gmm_segmentation_simple.end manual__2025-10-20T03:07:03.794572+00:00 [queued]>
[2025-10-20T03:07:32.756+0000] {taskinstance.py:1083} INFO - Dependencies all met for <TaskInstance: gmm_segmentation_simple.end manual__2025-10-20T03:07:03.794572+00:00 [queued]>
[2025-10-20T03:07:32.756+0000] {taskinstance.py:1279} INFO - 
--------------------------------------------------------------------------------
[2025-10-20T03:07:32.756+0000] {taskinstance.py:1280} INFO - Starting attempt 1 of 2
[2025-10-20T03:07:32.756+0000] {taskinstance.py:1281} INFO - 
--------------------------------------------------------------------------------
[2025-10-20T03:07:32.763+0000] {taskinstance.py:1300} INFO - Executing <Task(BashOperator): end> on 2025-10-20 03:07:03.794572+00:00
[2025-10-20T03:07:32.766+0000] {standard_task_runner.py:55} INFO - Started process 155 to run task
[2025-10-20T03:07:32.775+0000] {standard_task_runner.py:82} INFO - Running: ['***', 'tasks', 'run', 'gmm_segmentation_simple', 'end', 'manual__2025-10-20T03:07:03.794572+00:00', '--job-id', '6', '--raw', '--subdir', 'DAGS_FOLDER/gmm_segmentation.py', '--cfg-path', '/tmp/tmpfnn27qr0']
[2025-10-20T03:07:32.775+0000] {standard_task_runner.py:83} INFO - Job 6: Subtask end
[2025-10-20T03:07:32.823+0000] {task_command.py:388} INFO - Running <TaskInstance: gmm_segmentation_simple.end manual__2025-10-20T03:07:03.794572+00:00 [running]> on host 18882a23ddc7
[2025-10-20T03:07:32.858+0000] {taskinstance.py:1509} INFO - Exporting the following env vars:
AIRFLOW_CTX_DAG_OWNER=asad_waraich
AIRFLOW_CTX_DAG_ID=gmm_segmentation_simple
AIRFLOW_CTX_TASK_ID=end
AIRFLOW_CTX_EXECUTION_DATE=2025-10-20T03:07:03.794572+00:00
AIRFLOW_CTX_TRY_NUMBER=1
AIRFLOW_CTX_DAG_RUN_ID=manual__2025-10-20T03:07:03.794572+00:00
[2025-10-20T03:07:32.859+0000] {subprocess.py:63} INFO - Tmp dir root location: 
 /tmp
[2025-10-20T03:07:32.860+0000] {subprocess.py:75} INFO - Running command: ['/bin/bash', '-c', 'echo "GMM Pipeline Complete. Check working_data/gmm_results for outputs"']
[2025-10-20T03:07:32.867+0000] {subprocess.py:86} INFO - Output:
[2025-10-20T03:07:32.869+0000] {subprocess.py:93} INFO - GMM Pipeline Complete. Check working_data/gmm_results for outputs
[2025-10-20T03:07:32.869+0000] {subprocess.py:97} INFO - Command exited with return code 0
[2025-10-20T03:07:32.887+0000] {taskinstance.py:1323} INFO - Marking task as SUCCESS. dag_id=gmm_segmentation_simple, task_id=end, execution_date=20251020T030703, start_date=20251020T030732, end_date=20251020T030732
[2025-10-20T03:07:32.909+0000] {local_task_job.py:208} INFO - Task exited with return code 0
[2025-10-20T03:07:32.919+0000] {taskinstance.py:2578} INFO - 0 downstream tasks scheduled from follow-on schedule check
