[2025-10-20T03:24:30.827+0000] {taskinstance.py:1083} INFO - Dependencies all met for <TaskInstance: gmm_segmentation.visualize manual__2025-10-20T03:24:01.285603+00:00 [queued]>
[2025-10-20T03:24:30.831+0000] {taskinstance.py:1083} INFO - Dependencies all met for <TaskInstance: gmm_segmentation.visualize manual__2025-10-20T03:24:01.285603+00:00 [queued]>
[2025-10-20T03:24:30.831+0000] {taskinstance.py:1279} INFO - 
--------------------------------------------------------------------------------
[2025-10-20T03:24:30.831+0000] {taskinstance.py:1280} INFO - Starting attempt 1 of 2
[2025-10-20T03:24:30.831+0000] {taskinstance.py:1281} INFO - 
--------------------------------------------------------------------------------
[2025-10-20T03:24:30.836+0000] {taskinstance.py:1300} INFO - Executing <Task(PythonOperator): visualize> on 2025-10-20 03:24:01.285603+00:00
[2025-10-20T03:24:30.838+0000] {standard_task_runner.py:55} INFO - Started process 152 to run task
[2025-10-20T03:24:30.839+0000] {standard_task_runner.py:82} INFO - Running: ['***', 'tasks', 'run', 'gmm_segmentation', 'visualize', 'manual__2025-10-20T03:24:01.285603+00:00', '--job-id', '21', '--raw', '--subdir', 'DAGS_FOLDER/gmm_segmentation.py', '--cfg-path', '/tmp/tmpd24j8dcv']
[2025-10-20T03:24:30.839+0000] {standard_task_runner.py:83} INFO - Job 21: Subtask visualize
[2025-10-20T03:24:30.862+0000] {task_command.py:388} INFO - Running <TaskInstance: gmm_segmentation.visualize manual__2025-10-20T03:24:01.285603+00:00 [running]> on host 80e0c3cd0cd6
[2025-10-20T03:24:30.887+0000] {taskinstance.py:1509} INFO - Exporting the following env vars:
AIRFLOW_CTX_DAG_OWNER=asad_waraich
AIRFLOW_CTX_DAG_ID=gmm_segmentation
AIRFLOW_CTX_TASK_ID=visualize
AIRFLOW_CTX_EXECUTION_DATE=2025-10-20T03:24:01.285603+00:00
AIRFLOW_CTX_TRY_NUMBER=1
AIRFLOW_CTX_DAG_RUN_ID=manual__2025-10-20T03:24:01.285603+00:00
[2025-10-20T03:24:31.071+0000] {font_manager.py:1443} INFO - generated new fontManager
[2025-10-20T03:24:31.301+0000] {logging_mixin.py:137} INFO - Visualization saved to /opt/***/working_data/gmm_results/segmentation_2025-10-20.png
[2025-10-20T03:24:31.301+0000] {python.py:177} INFO - Done. Returned value was: Image saved as /opt/***/working_data/gmm_results/segmentation_2025-10-20.png
[2025-10-20T03:24:31.313+0000] {taskinstance.py:1323} INFO - Marking task as SUCCESS. dag_id=gmm_segmentation, task_id=visualize, execution_date=20251020T032401, start_date=20251020T032430, end_date=20251020T032431
[2025-10-20T03:24:31.352+0000] {local_task_job.py:208} INFO - Task exited with return code 0
[2025-10-20T03:24:31.361+0000] {taskinstance.py:2578} INFO - 1 downstream tasks scheduled from follow-on schedule check
