[2025-10-20T03:24:02.322+0000] {taskinstance.py:1083} INFO - Dependencies all met for <TaskInstance: gmm_segmentation.start manual__2025-10-20T03:24:01.285603+00:00 [queued]>
[2025-10-20T03:24:02.336+0000] {taskinstance.py:1083} INFO - Dependencies all met for <TaskInstance: gmm_segmentation.start manual__2025-10-20T03:24:01.285603+00:00 [queued]>
[2025-10-20T03:24:02.336+0000] {taskinstance.py:1279} INFO - 
--------------------------------------------------------------------------------
[2025-10-20T03:24:02.336+0000] {taskinstance.py:1280} INFO - Starting attempt 1 of 2
[2025-10-20T03:24:02.336+0000] {taskinstance.py:1281} INFO - 
--------------------------------------------------------------------------------
[2025-10-20T03:24:02.343+0000] {taskinstance.py:1300} INFO - Executing <Task(BashOperator): start> on 2025-10-20 03:24:01.285603+00:00
[2025-10-20T03:24:02.360+0000] {standard_task_runner.py:55} INFO - Started process 101 to run task
[2025-10-20T03:24:02.362+0000] {standard_task_runner.py:82} INFO - Running: ['***', 'tasks', 'run', 'gmm_segmentation', 'start', 'manual__2025-10-20T03:24:01.285603+00:00', '--job-id', '18', '--raw', '--subdir', 'DAGS_FOLDER/gmm_segmentation.py', '--cfg-path', '/tmp/tmpgcvfvd9g']
[2025-10-20T03:24:02.363+0000] {standard_task_runner.py:83} INFO - Job 18: Subtask start
[2025-10-20T03:24:02.407+0000] {task_command.py:388} INFO - Running <TaskInstance: gmm_segmentation.start manual__2025-10-20T03:24:01.285603+00:00 [running]> on host 80e0c3cd0cd6
[2025-10-20T03:24:02.455+0000] {taskinstance.py:1509} INFO - Exporting the following env vars:
AIRFLOW_CTX_DAG_OWNER=asad_waraich
AIRFLOW_CTX_DAG_ID=gmm_segmentation
AIRFLOW_CTX_TASK_ID=start
AIRFLOW_CTX_EXECUTION_DATE=2025-10-20T03:24:01.285603+00:00
AIRFLOW_CTX_TRY_NUMBER=1
AIRFLOW_CTX_DAG_RUN_ID=manual__2025-10-20T03:24:01.285603+00:00
[2025-10-20T03:24:02.456+0000] {subprocess.py:63} INFO - Tmp dir root location: 
 /tmp
[2025-10-20T03:24:02.457+0000] {subprocess.py:75} INFO - Running command: ['/bin/bash', '-c', 'echo "Starting GMM Segmentation Pipeline..."']
[2025-10-20T03:24:02.493+0000] {subprocess.py:86} INFO - Output:
[2025-10-20T03:24:02.495+0000] {subprocess.py:93} INFO - Starting GMM Segmentation Pipeline...
[2025-10-20T03:24:02.495+0000] {subprocess.py:97} INFO - Command exited with return code 0
[2025-10-20T03:24:02.509+0000] {taskinstance.py:1323} INFO - Marking task as SUCCESS. dag_id=gmm_segmentation, task_id=start, execution_date=20251020T032401, start_date=20251020T032402, end_date=20251020T032402
[2025-10-20T03:24:02.542+0000] {local_task_job.py:208} INFO - Task exited with return code 0
[2025-10-20T03:24:02.561+0000] {taskinstance.py:2578} INFO - 1 downstream tasks scheduled from follow-on schedule check
