[2025-10-20T02:39:48.073+0000] {taskinstance.py:1083} INFO - Dependencies all met for <TaskInstance: gmm_segmentation_simple.start manual__2025-10-20T02:39:46.960735+00:00 [queued]>
[2025-10-20T02:39:48.078+0000] {taskinstance.py:1083} INFO - Dependencies all met for <TaskInstance: gmm_segmentation_simple.start manual__2025-10-20T02:39:46.960735+00:00 [queued]>
[2025-10-20T02:39:48.078+0000] {taskinstance.py:1279} INFO - 
--------------------------------------------------------------------------------
[2025-10-20T02:39:48.078+0000] {taskinstance.py:1280} INFO - Starting attempt 1 of 2
[2025-10-20T02:39:48.078+0000] {taskinstance.py:1281} INFO - 
--------------------------------------------------------------------------------
[2025-10-20T02:39:48.086+0000] {taskinstance.py:1300} INFO - Executing <Task(BashOperator): start> on 2025-10-20 02:39:46.960735+00:00
[2025-10-20T02:39:48.088+0000] {standard_task_runner.py:55} INFO - Started process 77 to run task
[2025-10-20T02:39:48.093+0000] {standard_task_runner.py:82} INFO - Running: ['***', 'tasks', 'run', 'gmm_segmentation_simple', 'start', 'manual__2025-10-20T02:39:46.960735+00:00', '--job-id', '20', '--raw', '--subdir', 'DAGS_FOLDER/gmm_segmentation.py', '--cfg-path', '/tmp/tmphak8xzkt']
[2025-10-20T02:39:48.094+0000] {standard_task_runner.py:83} INFO - Job 20: Subtask start
[2025-10-20T02:39:48.133+0000] {task_command.py:388} INFO - Running <TaskInstance: gmm_segmentation_simple.start manual__2025-10-20T02:39:46.960735+00:00 [running]> on host 98595197e5ac
[2025-10-20T02:39:48.170+0000] {taskinstance.py:1509} INFO - Exporting the following env vars:
AIRFLOW_CTX_DAG_OWNER=asad_waraich
AIRFLOW_CTX_DAG_ID=gmm_segmentation_simple
AIRFLOW_CTX_TASK_ID=start
AIRFLOW_CTX_EXECUTION_DATE=2025-10-20T02:39:46.960735+00:00
AIRFLOW_CTX_TRY_NUMBER=1
AIRFLOW_CTX_DAG_RUN_ID=manual__2025-10-20T02:39:46.960735+00:00
[2025-10-20T02:39:48.172+0000] {subprocess.py:63} INFO - Tmp dir root location: 
 /tmp
[2025-10-20T02:39:48.172+0000] {subprocess.py:75} INFO - Running command: ['/bin/bash', '-c', 'echo "Starting GMM Segmentation Pipeline..."']
[2025-10-20T02:39:48.177+0000] {subprocess.py:86} INFO - Output:
[2025-10-20T02:39:48.179+0000] {subprocess.py:93} INFO - Starting GMM Segmentation Pipeline...
[2025-10-20T02:39:48.179+0000] {subprocess.py:97} INFO - Command exited with return code 0
[2025-10-20T02:39:48.192+0000] {taskinstance.py:1323} INFO - Marking task as SUCCESS. dag_id=gmm_segmentation_simple, task_id=start, execution_date=20251020T023946, start_date=20251020T023948, end_date=20251020T023948
[2025-10-20T02:39:48.233+0000] {local_task_job.py:208} INFO - Task exited with return code 0
[2025-10-20T02:39:48.246+0000] {taskinstance.py:2578} INFO - 1 downstream tasks scheduled from follow-on schedule check
